# JRE version: OpenJDK Runtime Environment Corretto-17.0.13.11.1 (17.0.13+11) (build 17.0.13+11-LTS)
# Java VM: OpenJDK 64-Bit Server VM Corretto-17.0.13.11.1 (17.0.13+11-LTS, mixed mode, emulated-client, sharing, tiered, compressed oops, compressed class ptrs, g1 gc, windows-amd64)
GC Precious Log:
 CPUs: 8 total, 8 available
 Memory: 16071M
 Large Page Support: Disabled
 NUMA Support: Disabled
 Compressed Oops: Enabled (Zero based)
 Heap Region Size: 2M
 Heap Min Capacity: 8M
 Heap Initial Capacity: 252M
 Heap Max Capacity: 4018M
 Pre-touch: Disabled
 Parallel Workers: 8
 Concurrent Workers: 2
 Concurrent Refinement Workers: 8
 Periodic GC: Disabled
Heap:
 garbage-first heap   total 90112K, used 29948K [0x0000000704e00000, 0x0000000800000000)
  region size 2048K, 2 young (4096K), 2 survivors (4096K)
 Metaspace       used 49753K, committed 50304K, reserved 1114112K
  class space    used 7172K, committed 7424K, reserved 1048576K
GC Heap History (20 events):
Event: 0.435 GC heap after
{Heap after GC invocations=1 (full 0):
 garbage-first heap   total 258048K, used 6919K [0x0000000704e00000, 0x0000000800000000)
  region size 2048K, 2 young (4096K), 2 survivors (4096K)
 Metaspace       used 5835K, committed 6016K, reserved 1114112K
  class space    used 731K, committed 832K, reserved 1048576K
}
Event: 0.614 GC heap before
{Heap before GC invocations=1 (full 0):
 garbage-first heap   total 258048K, used 27399K [0x0000000704e00000, 0x0000000800000000)
  region size 2048K, 13 young (26624K), 2 survivors (4096K)
 Metaspace       used 8574K, committed 8768K, reserved 1114112K
  class space    used 1071K, committed 1152K, reserved 1048576K
}
Event: 0.619 GC heap after
{Heap after GC invocations=2 (full 0):
 garbage-first heap   total 258048K, used 10759K [0x0000000704e00000, 0x0000000800000000)
  region size 2048K, 2 young (4096K), 2 survivors (4096K)
 Metaspace       used 8574K, committed 8768K, reserved 1114112K
  class space    used 1071K, committed 1152K, reserved 1048576K
}
Event: 1.092 GC heap before
{Heap before GC invocations=2 (full 0):
 garbage-first heap   total 258048K, used 57863K [0x0000000704e00000, 0x0000000800000000)
  region size 2048K, 26 young (53248K), 2 survivors (4096K)
 Metaspace       used 16925K, committed 17216K, reserved 1114112K
  class space    used 2397K, committed 2560K, reserved 1048576K
}
Event: 1.096 GC heap after
{Heap after GC invocations=3 (full 0):
 garbage-first heap   total 258048K, used 13886K [0x0000000704e00000, 0x0000000800000000)
  region size 2048K, 4 young (8192K), 4 survivors (8192K)
 Metaspace       used 16925K, committed 17216K, reserved 1114112K
  class space    used 2397K, committed 2560K, reserved 1048576K
}
Event: 1.205 GC heap before
{Heap before GC invocations=3 (full 0):
 garbage-first heap   total 258048K, used 38462K [0x0000000704e00000, 0x0000000800000000)
  region size 2048K, 17 young (34816K), 4 survivors (8192K)
 Metaspace       used 21217K, committed 21504K, reserved 1114112K
  class space    used 2872K, committed 3008K, reserved 1048576K
}
Event: 1.209 GC heap after
{Heap after GC invocations=4 (full 0):
 garbage-first heap   total 258048K, used 16335K [0x0000000704e00000, 0x0000000800000000)
  region size 2048K, 5 young (10240K), 5 survivors (10240K)
 Metaspace       used 21217K, committed 21504K, reserved 1114112K
  class space    used 2872K, committed 3008K, reserved 1048576K
}
Event: 1.482 GC heap before
{Heap before GC invocations=5 (full 0):
 garbage-first heap   total 69632K, used 49103K [0x0000000704e00000, 0x0000000800000000)
  region size 2048K, 22 young (45056K), 5 survivors (10240K)
 Metaspace       used 24234K, committed 24576K, reserved 1114112K
  class space    used 3362K, committed 3520K, reserved 1048576K
}
Event: 1.488 GC heap after
{Heap after GC invocations=6 (full 0):
 garbage-first heap   total 69632K, used 18178K [0x0000000704e00000, 0x0000000800000000)
  region size 2048K, 6 young (12288K), 6 survivors (12288K)
 Metaspace       used 24234K, committed 24576K, reserved 1114112K
  class space    used 3362K, committed 3520K, reserved 1048576K
}
Event: 1.511 GC heap before
{Heap before GC invocations=6 (full 0):
 garbage-first heap   total 69632K, used 20226K [0x0000000704e00000, 0x0000000800000000)
  region size 2048K, 7 young (14336K), 6 survivors (12288K)
 Metaspace       used 24441K, committed 24832K, reserved 1114112K
  class space    used 3393K, committed 3584K, reserved 1048576K
}
Event: 1.517 GC heap after
{Heap after GC invocations=7 (full 0):
 garbage-first heap   total 69632K, used 19072K [0x0000000704e00000, 0x0000000800000000)
  region size 2048K, 1 young (2048K), 1 survivors (2048K)
 Metaspace       used 24441K, committed 24832K, reserved 1114112K
  class space    used 3393K, committed 3584K, reserved 1048576K
}
Event: 1.812 GC heap before
{Heap before GC invocations=7 (full 0):
 garbage-first heap   total 69632K, used 45696K [0x0000000704e00000, 0x0000000800000000)
  region size 2048K, 15 young (30720K), 1 survivors (2048K)
 Metaspace       used 29005K, committed 29440K, reserved 1114112K
  class space    used 4082K, committed 4288K, reserved 1048576K
}
Event: 1.816 GC heap after
{Heap after GC invocations=8 (full 0):
 garbage-first heap   total 139264K, used 19733K [0x0000000704e00000, 0x0000000800000000)
  region size 2048K, 2 young (4096K), 2 survivors (4096K)
 Metaspace       used 29005K, committed 29440K, reserved 1114112K
  class space    used 4082K, committed 4288K, reserved 1048576K
}
Event: 2.505 GC heap before
{Heap before GC invocations=8 (full 0):
 garbage-first heap   total 139264K, used 75029K [0x0000000704e00000, 0x0000000800000000)
  region size 2048K, 30 young (61440K), 2 survivors (4096K)
 Metaspace       used 35753K, committed 36160K, reserved 1114112K
  class space    used 5131K, committed 5312K, reserved 1048576K
}
Event: 2.511 GC heap after
{Heap after GC invocations=9 (full 0):
 garbage-first heap   total 139264K, used 22891K [0x0000000704e00000, 0x0000000800000000)
  region size 2048K, 3 young (6144K), 3 survivors (6144K)
 Metaspace       used 35753K, committed 36160K, reserved 1114112K
  class space    used 5131K, committed 5312K, reserved 1048576K
}
Event: 3.175 GC heap before
{Heap before GC invocations=10 (full 0):
 garbage-first heap   total 90112K, used 69995K [0x0000000704e00000, 0x0000000800000000)
  region size 2048K, 26 young (53248K), 3 survivors (6144K)
 Metaspace       used 43238K, committed 43712K, reserved 1114112K
  class space    used 6229K, committed 6464K, reserved 1048576K
}
Event: 3.185 GC heap after
{Heap after GC invocations=11 (full 0):
 garbage-first heap   total 90112K, used 27184K [0x0000000704e00000, 0x0000000800000000)
  region size 2048K, 4 young (8192K), 4 survivors (8192K)
 Metaspace       used 43238K, committed 43712K, reserved 1114112K
  class space    used 6229K, committed 6464K, reserved 1048576K
}
Event: 3.205 GC heap before
{Heap before GC invocations=11 (full 0):
 garbage-first heap   total 90112K, used 29232K [0x0000000704e00000, 0x0000000800000000)
  region size 2048K, 5 young (10240K), 4 survivors (8192K)
 Metaspace       used 43556K, committed 44032K, reserved 1114112K
  class space    used 6283K, committed 6528K, reserved 1048576K
}
Event: 3.214 GC heap after
{Heap after GC invocations=12 (full 0):
 garbage-first heap   total 90112K, used 28297K [0x0000000704e00000, 0x0000000800000000)
  region size 2048K, 1 young (2048K), 1 survivors (2048K)
 Metaspace       used 43556K, committed 44032K, reserved 1114112K
  class space    used 6283K, committed 6528K, reserved 1048576K
}
Event: 183.307 GC heap before
{Heap before GC invocations=12 (full 0):
 garbage-first heap   total 90112K, used 63113K [0x0000000704e00000, 0x0000000800000000)
  region size 2048K, 19 young (38912K), 1 survivors (2048K)
 Metaspace       used 49753K, committed 50304K, reserved 1114112K
  class space    used 7172K, committed 7424K, reserved 1048576K
}

